<?xml version="1.0" encoding="UTF-8" ?>
<testsuite errors="0" failures="4" hostname="DESKTOP-28UA432" name="com.salesforce.app.salesforce_login.RunnerTest" skipped="0" tests="40" time="86.646" timestamp="2017-08-16T03:08:10">
  <properties>
[...]
</properties>
  <testcase classname="| Mozilla | monirul.islam.ece@gmail.com | manik019 | failure |" name="Given I go to &quot;loginURL&quot; on &quot;Mozilla&quot;" time="0.001" />
  <testcase classname="| Mozilla | monirul.islam.ece@gmail.com | manik019 | failure |" name="And I enter &quot;loginusername&quot; as &quot;monirul.islam.ece@gmail.com&quot;" time="0.0" />
  <testcase classname="| Mozilla | monirul.islam.ece@gmail.com | manik019 | failure |" name="And I enter &quot;loginpassword&quot; as &quot;manik019&quot;" time="0.0" />
  <testcase classname="| Mozilla | monirul.islam.ece@gmail.com | manik019 | failure |" name="And I click on &quot;loginButton&quot;" time="0.0" />
  <testcase classname="| Mozilla | monirul.islam.ece@gmail.com | manik019 | failure |" name="Then Login should be &quot;failure&quot;" time="0.0" />
  <testcase classname="junit.framework.TestSuite" name="| Mozilla | monirul.islam.ece@gmail.com | manik019 | failure |" time="22.303" />
  <testcase classname="| Mozilla | loadrunner.jmeter@gmail.com | pass@1234 | success |" name="Given I go to &quot;loginURL&quot; on &quot;Mozilla&quot;" time="0.0" />
  <testcase classname="| Mozilla | loadrunner.jmeter@gmail.com | pass@1234 | success |" name="And I enter &quot;loginusername&quot; as &quot;loadrunner.jmeter@gmail.com&quot;" time="0.0" />
  <testcase classname="| Mozilla | loadrunner.jmeter@gmail.com | pass@1234 | success |" name="And I enter &quot;loginpassword&quot; as &quot;pass@1234&quot;" time="0.001" />
  <testcase classname="| Mozilla | loadrunner.jmeter@gmail.com | pass@1234 | success |" name="And I click on &quot;loginButton&quot;" time="0.0" />
  <testcase classname="| Mozilla | loadrunner.jmeter@gmail.com | pass@1234 | success |" name="Then Login should be &quot;success&quot;" time="0.007">
    <failure message="expected:&lt;[success]&gt; but was:&lt;[failure]&gt;" type="junit.framework.AssertionFailedError">junit.framework.AssertionFailedError: expected:&lt;[success]&gt; but was:&lt;[failure]&gt;
	at com.salesforce.app.salesforce_login.LogIn.Then_login_should_be(LogIn.java:47)
	at ✽.Then Login should be &quot;success&quot;(Feature_Files/LogIn.feature:9)
</failure>
  </testcase>
  <testcase classname="junit.framework.TestSuite" name="| Mozilla | loadrunner.jmeter@gmail.com | pass@1234 | success |" time="19.736">
    <failure message="expected:&lt;[success]&gt; but was:&lt;[failure]&gt;" type="junit.framework.AssertionFailedError">junit.framework.AssertionFailedError: expected:&lt;[success]&gt; but was:&lt;[failure]&gt;
	at com.salesforce.app.salesforce_login.LogIn.Then_login_should_be(LogIn.java:47)
	at ✽.Then Login should be &quot;success&quot;(Feature_Files/LogIn.feature:9)
</failure>
  </testcase>
  <testcase classname="junit.framework.TestSuite" name="| Mozilla | loadrunner.jmeter@gmail.com | pass@1234 | success |" time="19.739" />
  <testcase classname="| Chrome | xxxxx | zxxxx | failure |" name="Given I go to &quot;loginURL&quot; on &quot;Chrome&quot;" time="0.0" />
  <testcase classname="| Chrome | xxxxx | zxxxx | failure |" name="And I enter &quot;loginusername&quot; as &quot;xxxxx&quot;" time="0.001" />
  <testcase classname="| Chrome | xxxxx | zxxxx | failure |" name="And I enter &quot;loginpassword&quot; as &quot;zxxxx&quot;" time="0.0" />
  <testcase classname="| Chrome | xxxxx | zxxxx | failure |" name="And I click on &quot;loginButton&quot;" time="0.001" />
  <testcase classname="| Chrome | xxxxx | zxxxx | failure |" name="Then Login should be &quot;failure&quot;" time="0.0" />
  <testcase classname="junit.framework.TestSuite" name="| Chrome | xxxxx | zxxxx | failure |" time="19.647" />
  <testcase classname="| Chrome | loadrunner.jmeter@gmail.com | pass@1234 | success |" name="Given I go to &quot;loginURL&quot; on &quot;Chrome&quot;" time="0.0" />
  <testcase classname="| Chrome | loadrunner.jmeter@gmail.com | pass@1234 | success |" name="And I enter &quot;loginusername&quot; as &quot;loadrunner.jmeter@gmail.com&quot;" time="0.0" />
  <testcase classname="| Chrome | loadrunner.jmeter@gmail.com | pass@1234 | success |" name="And I enter &quot;loginpassword&quot; as &quot;pass@1234&quot;" time="0.0" />
  <testcase classname="| Chrome | loadrunner.jmeter@gmail.com | pass@1234 | success |" name="And I click on &quot;loginButton&quot;" time="0.0" />
  <testcase classname="| Chrome | loadrunner.jmeter@gmail.com | pass@1234 | success |" name="Then Login should be &quot;success&quot;" time="0.0">
    <failure message="expected:&lt;[success]&gt; but was:&lt;[failure]&gt;" type="junit.framework.AssertionFailedError">junit.framework.AssertionFailedError: expected:&lt;[success]&gt; but was:&lt;[failure]&gt;
	at com.salesforce.app.salesforce_login.LogIn.Then_login_should_be(LogIn.java:47)
	at ✽.Then Login should be &quot;success&quot;(Feature_Files/LogIn.feature:9)
</failure>
  </testcase>
  <testcase classname="junit.framework.TestSuite" name="| Chrome | loadrunner.jmeter@gmail.com | pass@1234 | success |" time="24.24">
    <failure message="expected:&lt;[success]&gt; but was:&lt;[failure]&gt;" type="junit.framework.AssertionFailedError">junit.framework.AssertionFailedError: expected:&lt;[success]&gt; but was:&lt;[failure]&gt;
	at com.salesforce.app.salesforce_login.LogIn.Then_login_should_be(LogIn.java:47)
	at ✽.Then Login should be &quot;success&quot;(Feature_Files/LogIn.feature:9)
</failure>
  </testcase>
  <testcase classname="junit.framework.TestSuite" name="| Chrome | loadrunner.jmeter@gmail.com | pass@1234 | success |" time="24.241" />
  <system-out><![CDATA[I am going to loginURL on  Mozilla
Login - failure
I am going to loginURL on  Mozilla
Login - success
I am going to loginURL on  Chrome
Login - failure
I am going to loginURL on  Chrome
Login - success

[31mFailed scenarios:[0m
[31mFeature_Files/LogIn.feature:14 [0m# Scenario Outline: Logging in salesforce
[31mFeature_Files/LogIn.feature:16 [0m# Scenario Outline: Logging in salesforce

4 Scenarios ([31m2 failed[0m, [32m2 passed[0m)
20 Steps ([31m2 failed[0m, [32m18 passed[0m)
1m25.657s

org.junit.ComparisonFailure: expected:<[success]> but was:<[failure]>
	at org.junit.Assert.assertEquals(Assert.java:115)
	at org.junit.Assert.assertEquals(Assert.java:144)
	at com.salesforce.app.salesforce_login.LogIn.Then_login_should_be(LogIn.java:47)
	at ?.Then Login should be "success"(Feature_Files/LogIn.feature:9)

org.junit.ComparisonFailure: expected:<[success]> but was:<[failure]>
	at org.junit.Assert.assertEquals(Assert.java:115)
	at org.junit.Assert.assertEquals(Assert.java:144)
	at com.salesforce.app.salesforce_login.LogIn.Then_login_should_be(LogIn.java:47)
	at ?.Then Login should be "success"(Feature_Files/LogIn.feature:9)

]]></system-out>
  <system-err><![CDATA[Aug 15, 2017 10:08:11 PM org.apache.deltaspike.core.util.ProjectStageProducer initProjectStage
INFO: Computed the following DeltaSpike ProjectStage: Production
Aug 15, 2017 10:08:11 PM cucumber.runtime.CucumberObjectFactory getInstance
WARNING: Could not get reference of com.salesforce.app.salesforce_login.LogIn using BeanManager, message: No org.apache.deltaspike.core.api.provider.BeanManagerProvider in place! Please ensure that you configured the CDI implementation of your choice properly. If your setup is correct, please clear all caches and compiled artifacts.. Falling back to newInstance()
1502852893743	geckodriver	INFO	geckodriver 0.18.0
1502852893752	geckodriver	INFO	Listening on 127.0.0.1:15825
log4j:WARN No appenders could be found for logger (org.apache.http.client.protocol.RequestAddCookies).
log4j:WARN Please initialize the log4j system properly.
log4j:WARN See http://logging.apache.org/log4j/1.2/faq.html#noconfig for more info.
1502852894630	geckodriver::marionette	INFO	Starting browser C:\Program Files (x86)\Mozilla Firefox\firefox.exe with args ["-marionette"]
1502852902113	Marionette	INFO	Listening on port 55012
Aug 15, 2017 10:08:23 PM org.openqa.selenium.remote.ProtocolHandshake createSession
INFO: Detected dialect: W3C
Aug 15, 2017 10:08:32 PM cucumber.runtime.CucumberObjectFactory getInstance
WARNING: Could not get reference of com.salesforce.app.salesforce_login.LogIn using BeanManager, message: No org.apache.deltaspike.core.api.provider.BeanManagerProvider in place! Please ensure that you configured the CDI implementation of your choice properly. If your setup is correct, please clear all caches and compiled artifacts.. Falling back to newInstance()
1502852912894	geckodriver	INFO	geckodriver 0.18.0
1502852912905	geckodriver	INFO	Listening on 127.0.0.1:6101
1502852913559	geckodriver::marionette	INFO	Starting browser C:\Program Files (x86)\Mozilla Firefox\firefox.exe with args ["-marionette"]
1502852920045	Marionette	INFO	Listening on port 55060
Aug 15, 2017 10:08:40 PM org.openqa.selenium.remote.ProtocolHandshake createSession
INFO: Detected dialect: W3C
Aug 15, 2017 10:08:52 PM cucumber.runtime.CucumberObjectFactory getInstance
WARNING: Could not get reference of com.salesforce.app.salesforce_login.LogIn using BeanManager, message: No org.apache.deltaspike.core.api.provider.BeanManagerProvider in place! Please ensure that you configured the CDI implementation of your choice properly. If your setup is correct, please clear all caches and compiled artifacts.. Falling back to newInstance()
Starting ChromeDriver 2.30.477700 (0057494ad8732195794a7b32078424f92a5fce41) on port 20029
Only local connections are allowed.
Aug 15, 2017 10:08:56 PM org.openqa.selenium.remote.ProtocolHandshake createSession
INFO: Detected dialect: OSS
Aug 15, 2017 10:09:12 PM cucumber.runtime.CucumberObjectFactory getInstance
WARNING: Could not get reference of com.salesforce.app.salesforce_login.LogIn using BeanManager, message: No org.apache.deltaspike.core.api.provider.BeanManagerProvider in place! Please ensure that you configured the CDI implementation of your choice properly. If your setup is correct, please clear all caches and compiled artifacts.. Falling back to newInstance()
Starting ChromeDriver 2.30.477700 (0057494ad8732195794a7b32078424f92a5fce41) on port 45022
Only local connections are allowed.
Aug 15, 2017 10:09:14 PM org.openqa.selenium.remote.ProtocolHandshake createSession
INFO: Detected dialect: OSS
]]></system-err>
</testsuite>
